<?xml version="1.0" encoding="UTF-8"?>
<!-- Generated by org.testng.reporters.JUnitXMLReporter -->
<testsuite ignored="0" hostname="QT-INBG-LT0290" failures="1" tests="9" name="Default test" time="46.313" errors="0" timestamp="2022-09-21T09:31:22 IST">
  <testcase classname="automation_mobileworld.HomePo" name="allmobiles" time="7.2"/>
  <testcase classname="automation_mobileworld.HomePo" name="apple" time="4.531"/>
  <testcase classname="automation_mobileworld.HomePo" name="contact" time="4.57"/>
  <testcase classname="automation_mobileworld.HomePo" name="homenav" time="4.825"/>
  <testcase classname="automation_mobileworld.HomePo" name="latestnav" time="4.515"/>
  <testcase classname="automation_mobileworld.HomePo" name="lenovo" time="4.803">
    <failure type="java.lang.AssertionError" message="expected [https://mobileworld.banyanpro.com/#lenovo] but found [https://mobileworld.banyanpro.com/]">
      <![CDATA[java.lang.AssertionError: expected [https://mobileworld.banyanpro.com/#lenovo] but found [https://mobileworld.banyanpro.com/]
at org.testng.Assert.fail(Assert.java:99)
at org.testng.Assert.failNotEquals(Assert.java:1037)
at org.testng.Assert.assertEqualsImpl(Assert.java:140)
at org.testng.Assert.assertEquals(Assert.java:122)
at org.testng.Assert.assertEquals(Assert.java:629)
at org.testng.Assert.assertEquals(Assert.java:639)
at automation_mobileworld.HomePo.lenovo(HomePo.java:91)
at java.base/jdk.internal.reflect.DirectMethodHandleAccessor.invoke(DirectMethodHandleAccessor.java:104)
at java.base/java.lang.reflect.Method.invoke(Method.java:577)
at org.testng.internal.MethodInvocationHelper.invokeMethod(MethodInvocationHelper.java:133)
at org.testng.internal.TestInvoker.invokeMethod(TestInvoker.java:598)
at org.testng.internal.TestInvoker.invokeTestMethod(TestInvoker.java:173)
at org.testng.internal.MethodRunner.runInSequence(MethodRunner.java:46)
at org.testng.internal.TestInvoker$MethodInvocationAgent.invoke(TestInvoker.java:824)
at org.testng.internal.TestInvoker.invokeTestMethods(TestInvoker.java:146)
at org.testng.internal.TestMethodWorker.invokeTestMethods(TestMethodWorker.java:146)
at org.testng.internal.TestMethodWorker.run(TestMethodWorker.java:128)
at java.base/java.util.ArrayList.forEach(ArrayList.java:1511)
at org.testng.TestRunner.privateRun(TestRunner.java:794)
at org.testng.TestRunner.run(TestRunner.java:596)
at org.testng.SuiteRunner.runTest(SuiteRunner.java:377)
at org.testng.SuiteRunner.runSequentially(SuiteRunner.java:371)
at org.testng.SuiteRunner.privateRun(SuiteRunner.java:332)
at org.testng.SuiteRunner.run(SuiteRunner.java:276)
at org.testng.SuiteRunnerWorker.runSuite(SuiteRunnerWorker.java:53)
at org.testng.SuiteRunnerWorker.run(SuiteRunnerWorker.java:96)
at org.testng.TestNG.runSuitesSequentially(TestNG.java:1212)
at org.testng.TestNG.runSuitesLocally(TestNG.java:1134)
at org.testng.TestNG.runSuites(TestNG.java:1063)
at org.testng.TestNG.run(TestNG.java:1031)
at org.testng.remote.AbstractRemoteTestNG.run(AbstractRemoteTestNG.java:115)
at org.testng.remote.RemoteTestNG.initAndRun(RemoteTestNG.java:251)
at org.testng.remote.RemoteTestNG.main(RemoteTestNG.java:77)
]]>
    </failure>
  </testcase> <!-- lenovo -->
  <testcase classname="automation_mobileworld.HomePo" name="order" time="5.599"/>
  <testcase classname="automation_mobileworld.HomePo" name="samsung" time="5.113"/>
  <testcase classname="automation_mobileworld.HomePo" name="supportnav" time="5.078"/>
</testsuite> <!-- Default test -->
