<?xml version="1.0" encoding="UTF-8"?>
<!-- Generated by org.testng.reporters.JUnitXMLReporter -->
<testsuite ignored="8" hostname="QT-INBG-LT0290" failures="0" tests="1" name="Test" time="7.215" errors="0" timestamp="2022-10-17T15:32:49 IST">
  <testcase classname="automation_mobileworld.HomePo" name="allmobiles" time="2.189"/>
  <testcase classname="automation_mobileworld.HomePo" name="arrow" time="0.0">
    <ignored/>
  </testcase> <!-- arrow -->
  <testcase classname="automation_mobileworld.HomePo" name="apple" time="0.0">
    <ignored/>
  </testcase> <!-- apple -->
  <testcase classname="automation_mobileworld.HomePo" name="moreDetailsBtn" time="0.0">
    <ignored/>
  </testcase> <!-- moreDetailsBtn -->
  <testcase classname="automation_mobileworld.HomePo" name="samsung" time="0.0">
    <ignored/>
  </testcase> <!-- samsung -->
  <testcase classname="automation_mobileworld.HomePo" name="contact" time="0.0">
    <ignored/>
  </testcase> <!-- contact -->
  <testcase classname="automation_mobileworld.HomePo" name="lenovo" time="0.0">
    <ignored/>
  </testcase> <!-- lenovo -->
  <testcase classname="automation_mobileworld.HomePo" name="order" time="0.0">
    <ignored/>
  </testcase> <!-- order -->
  <testcase classname="automation_mobileworld.HomePo" name="homenav" time="0.0">
    <ignored/>
  </testcase> <!-- homenav -->
</testsuite> <!-- Test -->
