<?xml version="1.0" encoding="UTF-8"?>
<testng-results ignored="9" total="18" passed="6" failed="3" skipped="0">
  <reporter-output>
  </reporter-output>
  <suite started-at="2022-10-17T15:32:42 IST" name="Suite" finished-at="2022-10-17T15:33:39 IST" duration-ms="57219">
    <groups>
    </groups>
    <test started-at="2022-10-17T15:32:42 IST" name="Test" finished-at="2022-10-17T15:32:49 IST" duration-ms="7215">
      <class name="automation_mobileworld.HomePo">
        <test-method is-config="true" signature="startapplication(java.lang.String)[pri:0, instance:automation_mobileworld.HomePo@61862a7f]" started-at="2022-10-17T15:32:42 IST" name="startapplication" finished-at="2022-10-17T15:32:47 IST" duration-ms="4663" status="PASS">
          <params>
            <param index="0">
              <value>
                <![CDATA[chrome]]>
              </value>
            </param>
          </params>
          <reporter-output>
          </reporter-output>
        </test-method> <!-- startapplication -->
        <test-method signature="allmobiles()[pri:0, instance:automation_mobileworld.HomePo@61862a7f]" started-at="2022-10-17T15:32:47 IST" name="allmobiles" finished-at="2022-10-17T15:32:49 IST" duration-ms="2189" status="PASS">
          <reporter-output>
          </reporter-output>
        </test-method> <!-- allmobiles -->
        <test-method is-config="true" signature="closeBro()[pri:0, instance:automation_mobileworld.HomePo@61862a7f]" started-at="2022-10-17T15:32:49 IST" name="closeBro" finished-at="2022-10-17T15:32:49 IST" duration-ms="292" status="PASS">
          <reporter-output>
          </reporter-output>
        </test-method> <!-- closeBro -->
      </class> <!-- automation_mobileworld.HomePo -->
    </test> <!-- Test -->
    <test started-at="2022-10-17T15:32:49 IST" name="Test1" finished-at="2022-10-17T15:33:39 IST" duration-ms="49929">
      <class name="automation_mobileworld.HomePo">
        <test-method is-config="true" signature="startapplication(java.lang.String)[pri:0, instance:automation_mobileworld.HomePo@1b7cc17c]" started-at="2022-10-17T15:32:49 IST" name="startapplication" finished-at="2022-10-17T15:32:52 IST" duration-ms="3021" status="PASS">
          <params>
            <param index="0">
              <value>
                <![CDATA[edge]]>
              </value>
            </param>
          </params>
          <reporter-output>
          </reporter-output>
        </test-method> <!-- startapplication -->
        <test-method signature="apple()[pri:0, instance:automation_mobileworld.HomePo@1b7cc17c]" started-at="2022-10-17T15:32:52 IST" name="apple" finished-at="2022-10-17T15:32:55 IST" duration-ms="2703" status="PASS">
          <reporter-output>
          </reporter-output>
        </test-method> <!-- apple -->
        <test-method is-config="true" signature="closeBro()[pri:0, instance:automation_mobileworld.HomePo@1b7cc17c]" started-at="2022-10-17T15:32:55 IST" name="closeBro" finished-at="2022-10-17T15:32:55 IST" duration-ms="279" status="PASS">
          <reporter-output>
          </reporter-output>
        </test-method> <!-- closeBro -->
        <test-method is-config="true" signature="startapplication(java.lang.String)[pri:0, instance:automation_mobileworld.HomePo@1b7cc17c]" started-at="2022-10-17T15:32:55 IST" name="startapplication" finished-at="2022-10-17T15:32:58 IST" duration-ms="3131" status="PASS">
          <params>
            <param index="0">
              <value>
                <![CDATA[edge]]>
              </value>
            </param>
          </params>
          <reporter-output>
          </reporter-output>
        </test-method> <!-- startapplication -->
        <test-method signature="arrow()[pri:0, instance:automation_mobileworld.HomePo@1b7cc17c]" started-at="2022-10-17T15:32:58 IST" name="arrow" finished-at="2022-10-17T15:32:59 IST" duration-ms="739" status="FAIL">
          <exception class="org.openqa.selenium.NoSuchElementException">
            <message>
              <![CDATA[no such element: Unable to locate element: {"method":"xpath","selector":"//i[@class='fas fa-arrow-up']"}
  (Session info: MicrosoftEdge=106.0.1370.42)
For documentation on this error, please visit: https://selenium.dev/exceptions/#no_such_element
Build info: version: '4.4.0', revision: 'e5c75ed026a'
System info: host: 'QT-INBG-LT0290', ip: '10.20.15.105', os.name: 'Windows 10', os.arch: 'amd64', os.version: '10.0', java.version: '18.0.2'
Driver info: org.openqa.selenium.edge.EdgeDriver
Command: [65c43b42f973b53985d7bd0bcda9c173, findElement {using=xpath, value=//i[@class='fas fa-arrow-up']}]
Capabilities {acceptInsecureCerts: false, browserName: msedge, browserVersion: 106.0.1370.42, ms:edgeOptions: {debuggerAddress: localhost:50671}, msedge: {msedgedriverVersion: 105.0.1343.53 (3a47f00402d5..., userDataDir: C:\Users\athul.e\AppData\Lo...}, networkConnectionEnabled: false, pageLoadStrategy: normal, platformName: WINDOWS, proxy: Proxy(), se:cdp: ws://localhost:50671/devtoo..., se:cdpVersion: 106.0.1370.42, setWindowRect: true, strictFileInteractability: false, timeouts: {implicit: 0, pageLoad: 300000, script: 30000}, unhandledPromptBehavior: dismiss and notify, webauthn:extension:credBlob: true, webauthn:extension:largeBlob: true, webauthn:virtualAuthenticators: true}
Session ID: 65c43b42f973b53985d7bd0bcda9c173]]>
            </message>
            <full-stacktrace>
              <![CDATA[org.openqa.selenium.NoSuchElementException: no such element: Unable to locate element: {"method":"xpath","selector":"//i[@class='fas fa-arrow-up']"}
  (Session info: MicrosoftEdge=106.0.1370.42)
For documentation on this error, please visit: https://selenium.dev/exceptions/#no_such_element
Build info: version: '4.4.0', revision: 'e5c75ed026a'
System info: host: 'QT-INBG-LT0290', ip: '10.20.15.105', os.name: 'Windows 10', os.arch: 'amd64', os.version: '10.0', java.version: '18.0.2'
Driver info: org.openqa.selenium.edge.EdgeDriver
Command: [65c43b42f973b53985d7bd0bcda9c173, findElement {using=xpath, value=//i[@class='fas fa-arrow-up']}]
Capabilities {acceptInsecureCerts: false, browserName: msedge, browserVersion: 106.0.1370.42, ms:edgeOptions: {debuggerAddress: localhost:50671}, msedge: {msedgedriverVersion: 105.0.1343.53 (3a47f00402d5..., userDataDir: C:\Users\athul.e\AppData\Lo...}, networkConnectionEnabled: false, pageLoadStrategy: normal, platformName: WINDOWS, proxy: Proxy(), se:cdp: ws://localhost:50671/devtoo..., se:cdpVersion: 106.0.1370.42, setWindowRect: true, strictFileInteractability: false, timeouts: {implicit: 0, pageLoad: 300000, script: 30000}, unhandledPromptBehavior: dismiss and notify, webauthn:extension:credBlob: true, webauthn:extension:largeBlob: true, webauthn:virtualAuthenticators: true}
Session ID: 65c43b42f973b53985d7bd0bcda9c173
at java.base/jdk.internal.reflect.DirectConstructorHandleAccessor.newInstance(DirectConstructorHandleAccessor.java:67)
at java.base/java.lang.reflect.Constructor.newInstanceWithCaller(Constructor.java:499)
at java.base/java.lang.reflect.Constructor.newInstance(Constructor.java:483)
at org.openqa.selenium.remote.codec.w3c.W3CHttpResponseCodec.createException(W3CHttpResponseCodec.java:200)
at org.openqa.selenium.remote.codec.w3c.W3CHttpResponseCodec.decode(W3CHttpResponseCodec.java:133)
at org.openqa.selenium.remote.codec.w3c.W3CHttpResponseCodec.decode(W3CHttpResponseCodec.java:53)
at org.openqa.selenium.remote.HttpCommandExecutor.execute(HttpCommandExecutor.java:184)
at org.openqa.selenium.remote.service.DriverCommandExecutor.invokeExecute(DriverCommandExecutor.java:167)
at org.openqa.selenium.remote.service.DriverCommandExecutor.execute(DriverCommandExecutor.java:142)
at org.openqa.selenium.remote.RemoteWebDriver.execute(RemoteWebDriver.java:547)
at org.openqa.selenium.remote.ElementLocation$ElementFinder$2.findElement(ElementLocation.java:162)
at org.openqa.selenium.remote.ElementLocation.findElement(ElementLocation.java:60)
at org.openqa.selenium.remote.RemoteWebDriver.findElement(RemoteWebDriver.java:365)
at org.openqa.selenium.remote.RemoteWebDriver.findElement(RemoteWebDriver.java:357)
at org.openqa.selenium.support.pagefactory.DefaultElementLocator.findElement(DefaultElementLocator.java:70)
at org.openqa.selenium.support.pagefactory.internal.LocatingElementHandler.invoke(LocatingElementHandler.java:39)
at jdk.proxy2/jdk.proxy2.$Proxy17.click(Unknown Source)
at automation_mobileworld.HomePageLand.clickarrow(HomePageLand.java:98)
at automation_mobileworld.HomePo.arrow(HomePo.java:161)
at java.base/jdk.internal.reflect.DirectMethodHandleAccessor.invoke(DirectMethodHandleAccessor.java:104)
at java.base/java.lang.reflect.Method.invoke(Method.java:577)
at org.testng.internal.MethodInvocationHelper.invokeMethod(MethodInvocationHelper.java:133)
at org.testng.internal.TestInvoker.invokeMethod(TestInvoker.java:598)
at org.testng.internal.TestInvoker.invokeTestMethod(TestInvoker.java:173)
at org.testng.internal.MethodRunner.runInSequence(MethodRunner.java:46)
at org.testng.internal.TestInvoker$MethodInvocationAgent.invoke(TestInvoker.java:824)
at org.testng.internal.TestInvoker.invokeTestMethods(TestInvoker.java:146)
at org.testng.internal.TestMethodWorker.invokeTestMethods(TestMethodWorker.java:146)
at org.testng.internal.TestMethodWorker.run(TestMethodWorker.java:128)
at java.base/java.util.ArrayList.forEach(ArrayList.java:1511)
at org.testng.TestRunner.privateRun(TestRunner.java:794)
at org.testng.TestRunner.run(TestRunner.java:596)
at org.testng.SuiteRunner.runTest(SuiteRunner.java:377)
at org.testng.SuiteRunner.runSequentially(SuiteRunner.java:371)
at org.testng.SuiteRunner.privateRun(SuiteRunner.java:332)
at org.testng.SuiteRunner.run(SuiteRunner.java:276)
at org.testng.SuiteRunnerWorker.runSuite(SuiteRunnerWorker.java:53)
at org.testng.SuiteRunnerWorker.run(SuiteRunnerWorker.java:96)
at org.testng.TestNG.runSuitesSequentially(TestNG.java:1212)
at org.testng.TestNG.runSuitesLocally(TestNG.java:1134)
at org.testng.TestNG.runSuites(TestNG.java:1063)
at org.testng.TestNG.run(TestNG.java:1031)
at org.testng.remote.AbstractRemoteTestNG.run(AbstractRemoteTestNG.java:115)
at org.testng.remote.RemoteTestNG.initAndRun(RemoteTestNG.java:251)
at org.testng.remote.RemoteTestNG.main(RemoteTestNG.java:77)
]]>
            </full-stacktrace>
          </exception> <!-- org.openqa.selenium.NoSuchElementException -->
          <reporter-output>
          </reporter-output>
        </test-method> <!-- arrow -->
        <test-method is-config="true" signature="closeBro()[pri:0, instance:automation_mobileworld.HomePo@1b7cc17c]" started-at="2022-10-17T15:32:59 IST" name="closeBro" finished-at="2022-10-17T15:33:00 IST" duration-ms="564" status="PASS">
          <reporter-output>
          </reporter-output>
        </test-method> <!-- closeBro -->
        <test-method is-config="true" signature="startapplication(java.lang.String)[pri:0, instance:automation_mobileworld.HomePo@1b7cc17c]" started-at="2022-10-17T15:33:00 IST" name="startapplication" finished-at="2022-10-17T15:33:03 IST" duration-ms="3058" status="PASS">
          <params>
            <param index="0">
              <value>
                <![CDATA[edge]]>
              </value>
            </param>
          </params>
          <reporter-output>
          </reporter-output>
        </test-method> <!-- startapplication -->
        <test-method signature="contact()[pri:0, instance:automation_mobileworld.HomePo@1b7cc17c]" started-at="2022-10-17T15:33:03 IST" name="contact" finished-at="2022-10-17T15:33:07 IST" duration-ms="4299" status="PASS">
          <reporter-output>
          </reporter-output>
        </test-method> <!-- contact -->
        <test-method is-config="true" signature="closeBro()[pri:0, instance:automation_mobileworld.HomePo@1b7cc17c]" started-at="2022-10-17T15:33:07 IST" name="closeBro" finished-at="2022-10-17T15:33:07 IST" duration-ms="433" status="PASS">
          <reporter-output>
          </reporter-output>
        </test-method> <!-- closeBro -->
        <test-method is-config="true" signature="startapplication(java.lang.String)[pri:0, instance:automation_mobileworld.HomePo@1b7cc17c]" started-at="2022-10-17T15:33:07 IST" name="startapplication" finished-at="2022-10-17T15:33:12 IST" duration-ms="4403" status="PASS">
          <params>
            <param index="0">
              <value>
                <![CDATA[edge]]>
              </value>
            </param>
          </params>
          <reporter-output>
          </reporter-output>
        </test-method> <!-- startapplication -->
        <test-method signature="homenav()[pri:0, instance:automation_mobileworld.HomePo@1b7cc17c]" started-at="2022-10-17T15:33:12 IST" name="homenav" finished-at="2022-10-17T15:33:14 IST" duration-ms="2435" status="PASS">
          <reporter-output>
          </reporter-output>
        </test-method> <!-- homenav -->
        <test-method is-config="true" signature="closeBro()[pri:0, instance:automation_mobileworld.HomePo@1b7cc17c]" started-at="2022-10-17T15:33:14 IST" name="closeBro" finished-at="2022-10-17T15:33:15 IST" duration-ms="310" status="PASS">
          <reporter-output>
          </reporter-output>
        </test-method> <!-- closeBro -->
        <test-method is-config="true" signature="startapplication(java.lang.String)[pri:0, instance:automation_mobileworld.HomePo@1b7cc17c]" started-at="2022-10-17T15:33:15 IST" name="startapplication" finished-at="2022-10-17T15:33:17 IST" duration-ms="2771" status="PASS">
          <params>
            <param index="0">
              <value>
                <![CDATA[edge]]>
              </value>
            </param>
          </params>
          <reporter-output>
          </reporter-output>
        </test-method> <!-- startapplication -->
        <test-method signature="lenovo()[pri:0, instance:automation_mobileworld.HomePo@1b7cc17c]" started-at="2022-10-17T15:33:17 IST" name="lenovo" finished-at="2022-10-17T15:33:20 IST" duration-ms="2516" status="FAIL">
          <exception class="java.lang.AssertionError">
            <message>
              <![CDATA[expected [https://mobileworld.banyanpro.com/#lenovo] but found [https://mobileworld.banyanpro.com/]]]>
            </message>
            <full-stacktrace>
              <![CDATA[java.lang.AssertionError: expected [https://mobileworld.banyanpro.com/#lenovo] but found [https://mobileworld.banyanpro.com/]
at org.testng.Assert.fail(Assert.java:99)
at org.testng.Assert.failNotEquals(Assert.java:1037)
at org.testng.Assert.assertEqualsImpl(Assert.java:140)
at org.testng.Assert.assertEquals(Assert.java:122)
at org.testng.Assert.assertEquals(Assert.java:629)
at org.testng.Assert.assertEquals(Assert.java:639)
at automation_mobileworld.HomePo.lenovo(HomePo.java:80)
at java.base/jdk.internal.reflect.DirectMethodHandleAccessor.invoke(DirectMethodHandleAccessor.java:104)
at java.base/java.lang.reflect.Method.invoke(Method.java:577)
at org.testng.internal.MethodInvocationHelper.invokeMethod(MethodInvocationHelper.java:133)
at org.testng.internal.TestInvoker.invokeMethod(TestInvoker.java:598)
at org.testng.internal.TestInvoker.invokeTestMethod(TestInvoker.java:173)
at org.testng.internal.MethodRunner.runInSequence(MethodRunner.java:46)
at org.testng.internal.TestInvoker$MethodInvocationAgent.invoke(TestInvoker.java:824)
at org.testng.internal.TestInvoker.invokeTestMethods(TestInvoker.java:146)
at org.testng.internal.TestMethodWorker.invokeTestMethods(TestMethodWorker.java:146)
at org.testng.internal.TestMethodWorker.run(TestMethodWorker.java:128)
at java.base/java.util.ArrayList.forEach(ArrayList.java:1511)
at org.testng.TestRunner.privateRun(TestRunner.java:794)
at org.testng.TestRunner.run(TestRunner.java:596)
at org.testng.SuiteRunner.runTest(SuiteRunner.java:377)
at org.testng.SuiteRunner.runSequentially(SuiteRunner.java:371)
at org.testng.SuiteRunner.privateRun(SuiteRunner.java:332)
at org.testng.SuiteRunner.run(SuiteRunner.java:276)
at org.testng.SuiteRunnerWorker.runSuite(SuiteRunnerWorker.java:53)
at org.testng.SuiteRunnerWorker.run(SuiteRunnerWorker.java:96)
at org.testng.TestNG.runSuitesSequentially(TestNG.java:1212)
at org.testng.TestNG.runSuitesLocally(TestNG.java:1134)
at org.testng.TestNG.runSuites(TestNG.java:1063)
at org.testng.TestNG.run(TestNG.java:1031)
at org.testng.remote.AbstractRemoteTestNG.run(AbstractRemoteTestNG.java:115)
at org.testng.remote.RemoteTestNG.initAndRun(RemoteTestNG.java:251)
at org.testng.remote.RemoteTestNG.main(RemoteTestNG.java:77)
]]>
            </full-stacktrace>
          </exception> <!-- java.lang.AssertionError -->
          <reporter-output>
          </reporter-output>
        </test-method> <!-- lenovo -->
        <test-method is-config="true" signature="closeBro()[pri:0, instance:automation_mobileworld.HomePo@1b7cc17c]" started-at="2022-10-17T15:33:20 IST" name="closeBro" finished-at="2022-10-17T15:33:20 IST" duration-ms="464" status="PASS">
          <reporter-output>
          </reporter-output>
        </test-method> <!-- closeBro -->
        <test-method is-config="true" signature="startapplication(java.lang.String)[pri:0, instance:automation_mobileworld.HomePo@1b7cc17c]" started-at="2022-10-17T15:33:20 IST" name="startapplication" finished-at="2022-10-17T15:33:24 IST" duration-ms="3824" status="PASS">
          <params>
            <param index="0">
              <value>
                <![CDATA[edge]]>
              </value>
            </param>
          </params>
          <reporter-output>
          </reporter-output>
        </test-method> <!-- startapplication -->
        <test-method signature="moreDetailsBtn()[pri:0, instance:automation_mobileworld.HomePo@1b7cc17c]" started-at="2022-10-17T15:33:24 IST" name="moreDetailsBtn" finished-at="2022-10-17T15:33:24 IST" duration-ms="119" status="FAIL">
          <exception class="org.openqa.selenium.NoSuchElementException">
            <message>
              <![CDATA[no such element: Unable to locate element: {"method":"xpath","selector":"//div[@id='apple']//div[2]//div[1]//div[1]//a[1]"}
  (Session info: MicrosoftEdge=106.0.1370.42)
For documentation on this error, please visit: https://selenium.dev/exceptions/#no_such_element
Build info: version: '4.4.0', revision: 'e5c75ed026a'
System info: host: 'QT-INBG-LT0290', ip: '10.20.15.105', os.name: 'Windows 10', os.arch: 'amd64', os.version: '10.0', java.version: '18.0.2'
Driver info: org.openqa.selenium.edge.EdgeDriver
Command: [b4cd7b55a88907e6da87143c0eb9f2a8, findElement {using=xpath, value=//div[@id='apple']//div[2]//div[1]//div[1]//a[1]}]
Capabilities {acceptInsecureCerts: false, browserName: msedge, browserVersion: 106.0.1370.42, ms:edgeOptions: {debuggerAddress: localhost:50863}, msedge: {msedgedriverVersion: 105.0.1343.53 (3a47f00402d5..., userDataDir: C:\Users\athul.e\AppData\Lo...}, networkConnectionEnabled: false, pageLoadStrategy: normal, platformName: WINDOWS, proxy: Proxy(), se:cdp: ws://localhost:50863/devtoo..., se:cdpVersion: 106.0.1370.42, setWindowRect: true, strictFileInteractability: false, timeouts: {implicit: 0, pageLoad: 300000, script: 30000}, unhandledPromptBehavior: dismiss and notify, webauthn:extension:credBlob: true, webauthn:extension:largeBlob: true, webauthn:virtualAuthenticators: true}
Session ID: b4cd7b55a88907e6da87143c0eb9f2a8]]>
            </message>
            <full-stacktrace>
              <![CDATA[org.openqa.selenium.NoSuchElementException: no such element: Unable to locate element: {"method":"xpath","selector":"//div[@id='apple']//div[2]//div[1]//div[1]//a[1]"}
  (Session info: MicrosoftEdge=106.0.1370.42)
For documentation on this error, please visit: https://selenium.dev/exceptions/#no_such_element
Build info: version: '4.4.0', revision: 'e5c75ed026a'
System info: host: 'QT-INBG-LT0290', ip: '10.20.15.105', os.name: 'Windows 10', os.arch: 'amd64', os.version: '10.0', java.version: '18.0.2'
Driver info: org.openqa.selenium.edge.EdgeDriver
Command: [b4cd7b55a88907e6da87143c0eb9f2a8, findElement {using=xpath, value=//div[@id='apple']//div[2]//div[1]//div[1]//a[1]}]
Capabilities {acceptInsecureCerts: false, browserName: msedge, browserVersion: 106.0.1370.42, ms:edgeOptions: {debuggerAddress: localhost:50863}, msedge: {msedgedriverVersion: 105.0.1343.53 (3a47f00402d5..., userDataDir: C:\Users\athul.e\AppData\Lo...}, networkConnectionEnabled: false, pageLoadStrategy: normal, platformName: WINDOWS, proxy: Proxy(), se:cdp: ws://localhost:50863/devtoo..., se:cdpVersion: 106.0.1370.42, setWindowRect: true, strictFileInteractability: false, timeouts: {implicit: 0, pageLoad: 300000, script: 30000}, unhandledPromptBehavior: dismiss and notify, webauthn:extension:credBlob: true, webauthn:extension:largeBlob: true, webauthn:virtualAuthenticators: true}
Session ID: b4cd7b55a88907e6da87143c0eb9f2a8
at java.base/jdk.internal.reflect.DirectConstructorHandleAccessor.newInstance(DirectConstructorHandleAccessor.java:67)
at java.base/java.lang.reflect.Constructor.newInstanceWithCaller(Constructor.java:499)
at java.base/java.lang.reflect.Constructor.newInstance(Constructor.java:483)
at org.openqa.selenium.remote.codec.w3c.W3CHttpResponseCodec.createException(W3CHttpResponseCodec.java:200)
at org.openqa.selenium.remote.codec.w3c.W3CHttpResponseCodec.decode(W3CHttpResponseCodec.java:133)
at org.openqa.selenium.remote.codec.w3c.W3CHttpResponseCodec.decode(W3CHttpResponseCodec.java:53)
at org.openqa.selenium.remote.HttpCommandExecutor.execute(HttpCommandExecutor.java:184)
at org.openqa.selenium.remote.service.DriverCommandExecutor.invokeExecute(DriverCommandExecutor.java:167)
at org.openqa.selenium.remote.service.DriverCommandExecutor.execute(DriverCommandExecutor.java:142)
at org.openqa.selenium.remote.RemoteWebDriver.execute(RemoteWebDriver.java:547)
at org.openqa.selenium.remote.ElementLocation$ElementFinder$2.findElement(ElementLocation.java:162)
at org.openqa.selenium.remote.ElementLocation.findElement(ElementLocation.java:60)
at org.openqa.selenium.remote.RemoteWebDriver.findElement(RemoteWebDriver.java:365)
at org.openqa.selenium.remote.RemoteWebDriver.findElement(RemoteWebDriver.java:357)
at org.openqa.selenium.support.pagefactory.DefaultElementLocator.findElement(DefaultElementLocator.java:70)
at org.openqa.selenium.support.pagefactory.internal.LocatingElementHandler.invoke(LocatingElementHandler.java:39)
at jdk.proxy2/jdk.proxy2.$Proxy17.click(Unknown Source)
at automation_mobileworld.HomePageLand.clickMore(HomePageLand.java:94)
at automation_mobileworld.HomePo.moreDetailsBtn(HomePo.java:151)
at java.base/jdk.internal.reflect.DirectMethodHandleAccessor.invoke(DirectMethodHandleAccessor.java:104)
at java.base/java.lang.reflect.Method.invoke(Method.java:577)
at org.testng.internal.MethodInvocationHelper.invokeMethod(MethodInvocationHelper.java:133)
at org.testng.internal.TestInvoker.invokeMethod(TestInvoker.java:598)
at org.testng.internal.TestInvoker.invokeTestMethod(TestInvoker.java:173)
at org.testng.internal.MethodRunner.runInSequence(MethodRunner.java:46)
at org.testng.internal.TestInvoker$MethodInvocationAgent.invoke(TestInvoker.java:824)
at org.testng.internal.TestInvoker.invokeTestMethods(TestInvoker.java:146)
at org.testng.internal.TestMethodWorker.invokeTestMethods(TestMethodWorker.java:146)
at org.testng.internal.TestMethodWorker.run(TestMethodWorker.java:128)
at java.base/java.util.ArrayList.forEach(ArrayList.java:1511)
at org.testng.TestRunner.privateRun(TestRunner.java:794)
at org.testng.TestRunner.run(TestRunner.java:596)
at org.testng.SuiteRunner.runTest(SuiteRunner.java:377)
at org.testng.SuiteRunner.runSequentially(SuiteRunner.java:371)
at org.testng.SuiteRunner.privateRun(SuiteRunner.java:332)
at org.testng.SuiteRunner.run(SuiteRunner.java:276)
at org.testng.SuiteRunnerWorker.runSuite(SuiteRunnerWorker.java:53)
at org.testng.SuiteRunnerWorker.run(SuiteRunnerWorker.java:96)
at org.testng.TestNG.runSuitesSequentially(TestNG.java:1212)
at org.testng.TestNG.runSuitesLocally(TestNG.java:1134)
at org.testng.TestNG.runSuites(TestNG.java:1063)
at org.testng.TestNG.run(TestNG.java:1031)
at org.testng.remote.AbstractRemoteTestNG.run(AbstractRemoteTestNG.java:115)
at org.testng.remote.RemoteTestNG.initAndRun(RemoteTestNG.java:251)
at org.testng.remote.RemoteTestNG.main(RemoteTestNG.java:77)
]]>
            </full-stacktrace>
          </exception> <!-- org.openqa.selenium.NoSuchElementException -->
          <reporter-output>
          </reporter-output>
        </test-method> <!-- moreDetailsBtn -->
        <test-method is-config="true" signature="closeBro()[pri:0, instance:automation_mobileworld.HomePo@1b7cc17c]" started-at="2022-10-17T15:33:24 IST" name="closeBro" finished-at="2022-10-17T15:33:25 IST" duration-ms="657" status="PASS">
          <reporter-output>
          </reporter-output>
        </test-method> <!-- closeBro -->
        <test-method is-config="true" signature="startapplication(java.lang.String)[pri:0, instance:automation_mobileworld.HomePo@1b7cc17c]" started-at="2022-10-17T15:33:25 IST" name="startapplication" finished-at="2022-10-17T15:33:28 IST" duration-ms="2823" status="PASS">
          <params>
            <param index="0">
              <value>
                <![CDATA[edge]]>
              </value>
            </param>
          </params>
          <reporter-output>
          </reporter-output>
        </test-method> <!-- startapplication -->
        <test-method signature="order()[pri:0, instance:automation_mobileworld.HomePo@1b7cc17c]" started-at="2022-10-17T15:33:28 IST" name="order" finished-at="2022-10-17T15:33:32 IST" duration-ms="4264" status="PASS">
          <reporter-output>
          </reporter-output>
        </test-method> <!-- order -->
        <test-method is-config="true" signature="closeBro()[pri:0, instance:automation_mobileworld.HomePo@1b7cc17c]" started-at="2022-10-17T15:33:32 IST" name="closeBro" finished-at="2022-10-17T15:33:33 IST" duration-ms="590" status="PASS">
          <reporter-output>
          </reporter-output>
        </test-method> <!-- closeBro -->
        <test-method is-config="true" signature="startapplication(java.lang.String)[pri:0, instance:automation_mobileworld.HomePo@1b7cc17c]" started-at="2022-10-17T15:33:33 IST" name="startapplication" finished-at="2022-10-17T15:33:36 IST" duration-ms="3305" status="PASS">
          <params>
            <param index="0">
              <value>
                <![CDATA[edge]]>
              </value>
            </param>
          </params>
          <reporter-output>
          </reporter-output>
        </test-method> <!-- startapplication -->
        <test-method signature="samsung()[pri:0, instance:automation_mobileworld.HomePo@1b7cc17c]" started-at="2022-10-17T15:33:36 IST" name="samsung" finished-at="2022-10-17T15:33:39 IST" duration-ms="2879" status="PASS">
          <reporter-output>
          </reporter-output>
        </test-method> <!-- samsung -->
        <test-method is-config="true" signature="closeBro()[pri:0, instance:automation_mobileworld.HomePo@1b7cc17c]" started-at="2022-10-17T15:33:39 IST" name="closeBro" finished-at="2022-10-17T15:33:39 IST" duration-ms="302" status="PASS">
          <reporter-output>
          </reporter-output>
        </test-method> <!-- closeBro -->
      </class> <!-- automation_mobileworld.HomePo -->
    </test> <!-- Test1 -->
  </suite> <!-- Suite -->
</testng-results>
